<?xml version="1.0" encoding="UTF-8"?>
<robot generator="Robot 7.3.2 (Python 3.13.9 on win32)" generated="2025-10-22T01:47:02.364493" rpa="false" schemaversion="5">
<suite id="s1" name="Amazon Testes" source="C:\CursoUdemy\RobotFramework\WebTesting\automacao-robot\amazon_testes.robot">
<test id="s1-t1" name="Caso de Teste 01 - Acesso ao menu &quot;Eletrônicos&quot;" line="8">
<kw name="Abrir o navegador" type="SETUP">
<msg time="2025-10-22T01:47:02.399372" level="FAIL">No keyword with name 'Abrir o navegador' found.</msg>
<status status="FAIL" start="2025-10-22T01:47:02.399334" elapsed="0.000092">No keyword with name 'Abrir o navegador' found.</status>
</kw>
<kw name="Fechar o navegador" type="TEARDOWN">
<msg time="2025-10-22T01:47:02.400702" level="FAIL">No keyword with name 'Fechar o navegador' found.</msg>
<status status="FAIL" start="2025-10-22T01:47:02.400671" elapsed="0.000067">No keyword with name 'Fechar o navegador' found.</status>
</kw>
<doc>Esse teste verifica o menu eletrônicos do site Amazon.com.br
e verifica a categoria Computadores e Informática</doc>
<tag>categorias</tag>
<tag>menus</tag>
<status status="FAIL" start="2025-10-22T01:47:02.397601" elapsed="0.003249">Setup failed:
No keyword with name 'Abrir o navegador' found.

Also teardown failed:
No keyword with name 'Fechar o navegador' found.</status>
</test>
<test id="s1-t2" name="Caso de Testes 02 - Pesquisa de um Produto" line="20">
<kw name="Abrir o navegador" type="SETUP">
<msg time="2025-10-22T01:47:02.402680" level="FAIL">No keyword with name 'Abrir o navegador' found.</msg>
<status status="FAIL" start="2025-10-22T01:47:02.402651" elapsed="0.000064">No keyword with name 'Abrir o navegador' found.</status>
</kw>
<kw name="Fechar o navegador" type="TEARDOWN">
<msg time="2025-10-22T01:47:02.403630" level="FAIL">No keyword with name 'Fechar o navegador' found.</msg>
<status status="FAIL" start="2025-10-22T01:47:02.403604" elapsed="0.000056">No keyword with name 'Fechar o navegador' found.</status>
</kw>
<doc>Esse teste verifica a busca de um produto</doc>
<tag>busca_produtos</tag>
<tag>lista_busca</tag>
<status status="FAIL" start="2025-10-22T01:47:02.401475" elapsed="0.002285">Setup failed:
No keyword with name 'Abrir o navegador' found.

Also teardown failed:
No keyword with name 'Fechar o navegador' found.</status>
</test>
<doc>Essa suíte testa o site da Amazon.com.br</doc>
<status status="FAIL" start="2025-10-22T01:47:02.365926" elapsed="0.038458"/>
</suite>
<statistics>
<total>
<stat pass="0" fail="2" skip="0">All Tests</stat>
</total>
<tag>
<stat pass="0" fail="1" skip="0">busca_produtos</stat>
<stat pass="0" fail="1" skip="0">categorias</stat>
<stat pass="0" fail="1" skip="0">lista_busca</stat>
<stat pass="0" fail="1" skip="0">menus</stat>
</tag>
<suite>
<stat name="Amazon Testes" id="s1" pass="0" fail="2" skip="0">Amazon Testes</stat>
</suite>
</statistics>
<errors>
</errors>
</robot>
